SLF4J: Class path contains multiple SLF4J bindings.
SLF4J: Found binding in [jar:file:/C:/Users/drr34/.m2/repository/org/slf4j/slf4j-log4j12/1.7.5/slf4j-log4j12-1.7.5.jar!/org/slf4j/impl/StaticLoggerBinder.class]
SLF4J: Found binding in [jar:file:/C:/Users/drr34/.m2/repository/ch/qos/logback/logback-classic/1.1.7/logback-classic-1.1.7.jar!/org/slf4j/impl/StaticLoggerBinder.class]
SLF4J: See http://www.slf4j.org/codes.html#multiple_bindings for an explanation.
SLF4J: Actual binding is of type [org.slf4j.impl.Log4jLoggerFactory]
14:33:00,437 INFO  ~ Loaded [CpuBackend] backend
14:33:01,756 INFO  ~ Number of threads used for NativeOps: 2
14:33:02,222 INFO  ~ Number of threads used for BLAS: 2
14:33:02,228 INFO  ~ Backend used: [CPU]; OS: [Windows 10]
14:33:02,229 INFO  ~ Cores: [4]; Memory: [1.8GB];
14:33:02,229 INFO  ~ Blas vendor: [OPENBLAS]

14:33:23,817 INFO  ~ Closest Words:
14:33:24,600 INFO  ~ 10 Words closest to cat: [cat, mouse, squirrel, toad, hen, rabbit, wolf, rat, kitten, weasel]
14:33:25,163 INFO  ~ 10 Words closest to animal: [animal, animals, vegetable, organism, reptile, insect, creature, ox, organic, deer]
14:33:25,726 INFO  ~ 10 Words closest to science: [science, sciences, chemistry, physiology, physics, scientific, theology, astronomy, geology, philosophy]
14:33:26,181 INFO  ~ 10 Words closest to scientific: [scientific, philosophical, chemistry, biological, physiology, science, physics, ethical, deductive, theoretical]
14:33:26,416 INFO  ~ The word vector was not found in the corpus!
14:33:26,943 INFO  ~ 10 Words closest to vendor: [vendor, annum, quart, raisins, fourpence, gallon, fried, canned, stewed, a-year]
14:33:27,400 INFO  ~ 10 Words closest to car: [car, cars, omnibus, cab, garage, buggy, motor, hansom, wagon, bus]
14:33:27,899 INFO  ~ 10 Words closest to hot: [hot, cold, warm, fried, boiled, soda, weather, rain, cool, hotter]
14:33:28,402 INFO  ~ 10 Words closest to major: [major, colonel, miss, captain, mrs, dr, lady, mr, sir, doctor]
14:33:28,906 INFO  ~ 10 Words closest to man: [man, woman, gentleman, lady, feller, men, fellow, girl, ses, said]
14:33:29,453 INFO  ~ 10 Words closest to doctor: [doctor, miss, dr, colonel, captain, major, yes, answered, letter, noel]
14:33:30,053 INFO  ~ 10 Words closest to flower: [flower, blossoms, blossom, bloom, flowering, flowers, buds, violets, petals, lilac]
14:33:30,582 INFO  ~ 10 Words closest to capital: [capital, annum, cent, income, manufacturing, exports, ayres, insurance, levied, dollars]
14:33:31,080 INFO  ~ 10 Words closest to washington: [washington, sherman, aug, th, major-general, appleton, howe, congress, governor, feb]

14:33:31,080 INFO  ~ Closest Analogies:
14:33:31,231 INFO  ~ 5 Words that best complete the analogy: king:queen::[man, gentleman, fellow, person, boy]:woman
14:33:31,333 INFO  ~ 5 Words that best complete the analogy: paris:france::[florence, venice, rome, london, munich]:italy
14:33:31,426 INFO  ~ 5 Words that best complete the analogy: car:cars::[bird, nest, cuckoos, twittering, kingfisher]:birds
14:33:31,521 INFO  ~ 5 Words that best complete the analogy: man:woman::[steward, surgeon, housekeeper, physician, mate]:nurse
14:33:31,623 INFO  ~ 5 Words that best complete the analogy: fall:stand::[fell, fallen, meet, return, sink]:live
14:33:31,720 INFO  ~ 5 Words that best complete the analogy: important:unimportant::[obliged, anxious, willing, determined, reluctant]:unwilling

14:33:31,720 INFO  ~ Model 2D Visualization:
14:33:31,867 INFO  ~ Calculating probabilities of data similarities...
14:33:34,277 INFO  ~ Handled [500] records out of [1016]
14:33:36,476 INFO  ~ Handled [1000] records out of [1016]
14:33:36,553 INFO  ~ Mean value of sigma [[    0.6019]]
14:33:38,184 INFO  ~ Iteration [0] error is: [20.353557586669922]
14:33:38,665 INFO  ~ Iteration [1] error is: [20.35293960571289]
14:33:39,123 INFO  ~ Iteration [2] error is: [20.351879119873047]
14:33:39,593 INFO  ~ Iteration [3] error is: [20.35051727294922]
14:33:40,051 INFO  ~ Iteration [4] error is: [20.348854064941406]
14:33:40,495 INFO  ~ Iteration [5] error is: [20.346908569335938]
14:33:40,928 INFO  ~ Iteration [6] error is: [20.344791412353516]
14:33:41,346 INFO  ~ Iteration [7] error is: [20.342365264892578]
14:33:41,751 INFO  ~ Iteration [8] error is: [20.3397274017334]
14:33:42,162 INFO  ~ Iteration [9] error is: [20.336727142333984]
14:33:42,602 INFO  ~ Iteration [10] error is: [20.333614349365234]
14:33:43,027 INFO  ~ Iteration [11] error is: [20.330181121826172]
14:33:43,459 INFO  ~ Iteration [12] error is: [20.326601028442383]
14:33:43,888 INFO  ~ Iteration [13] error is: [20.32267951965332]
14:33:44,300 INFO  ~ Iteration [14] error is: [20.318462371826172]
14:33:44,808 INFO  ~ Iteration [15] error is: [20.314096450805664]
14:33:45,278 INFO  ~ Iteration [16] error is: [20.309490203857422]
14:33:45,769 INFO  ~ Iteration [17] error is: [20.30462646484375]
14:33:46,201 INFO  ~ Iteration [18] error is: [20.299575805664062]
14:33:46,658 INFO  ~ Iteration [19] error is: [20.294095993041992]
14:33:47,075 INFO  ~ Iteration [20] error is: [20.28843116760254]
14:33:47,524 INFO  ~ Iteration [21] error is: [20.282609939575195]
14:33:48,001 INFO  ~ Iteration [22] error is: [20.276527404785156]
14:33:48,454 INFO  ~ Iteration [23] error is: [20.270179748535156]
14:33:48,875 INFO  ~ Iteration [24] error is: [20.263607025146484]
14:33:49,309 INFO  ~ Iteration [25] error is: [20.25682258605957]
14:33:49,747 INFO  ~ Iteration [26] error is: [20.249675750732422]
14:33:50,264 INFO  ~ Iteration [27] error is: [20.242252349853516]
14:33:50,694 INFO  ~ Iteration [28] error is: [20.234594345092773]
14:33:51,119 INFO  ~ Iteration [29] error is: [20.22665023803711]
14:33:51,527 INFO  ~ Iteration [30] error is: [20.218521118164062]
14:33:51,954 INFO  ~ Iteration [31] error is: [20.210174560546875]
14:33:52,376 INFO  ~ Iteration [32] error is: [20.201539993286133]
14:33:52,815 INFO  ~ Iteration [33] error is: [20.19270133972168]
14:33:53,246 INFO  ~ Iteration [34] error is: [20.18357276916504]
14:33:53,660 INFO  ~ Iteration [35] error is: [20.174171447753906]
14:33:54,084 INFO  ~ Iteration [36] error is: [20.164518356323242]
14:33:54,558 INFO  ~ Iteration [37] error is: [20.154651641845703]
14:33:55,057 INFO  ~ Iteration [38] error is: [20.144489288330078]
14:33:55,540 INFO  ~ Iteration [39] error is: [20.134096145629883]
14:33:55,970 INFO  ~ Iteration [40] error is: [20.12347412109375]
14:33:56,400 INFO  ~ Iteration [41] error is: [20.112586975097656]
14:33:56,905 INFO  ~ Iteration [42] error is: [20.101587295532227]
14:33:57,426 INFO  ~ Iteration [43] error is: [20.090179443359375]
14:33:58,062 INFO  ~ Iteration [44] error is: [20.078617095947266]
14:33:58,644 INFO  ~ Iteration [45] error is: [20.0667781829834]
14:33:59,608 INFO  ~ Iteration [46] error is: [20.054738998413086]
14:34:00,331 INFO  ~ Iteration [47] error is: [20.042551040649414]
14:34:01,042 INFO  ~ Iteration [48] error is: [20.029922485351562]
14:34:01,566 INFO  ~ Iteration [49] error is: [20.017227172851562]
14:34:02,035 INFO  ~ Iteration [50] error is: [20.004213333129883]
14:34:02,460 INFO  ~ Iteration [51] error is: [19.990943908691406]
14:34:02,930 INFO  ~ Iteration [52] error is: [19.97750473022461]
14:34:03,403 INFO  ~ Iteration [53] error is: [19.96390151977539]
14:34:03,872 INFO  ~ Iteration [54] error is: [19.949981689453125]
14:34:04,302 INFO  ~ Iteration [55] error is: [19.935869216918945]
14:34:04,722 INFO  ~ Iteration [56] error is: [19.921466827392578]
14:34:05,142 INFO  ~ Iteration [57] error is: [19.906944274902344]
14:34:05,661 INFO  ~ Iteration [58] error is: [19.892288208007812]
14:34:06,097 INFO  ~ Iteration [59] error is: [19.877426147460938]
14:34:06,535 INFO  ~ Iteration [60] error is: [19.86231803894043]
14:34:07,068 INFO  ~ Iteration [61] error is: [19.846981048583984]
14:34:07,537 INFO  ~ Iteration [62] error is: [19.831676483154297]
14:34:07,993 INFO  ~ Iteration [63] error is: [19.81613540649414]
14:34:08,413 INFO  ~ Iteration [64] error is: [19.800338745117188]
14:34:08,835 INFO  ~ Iteration [65] error is: [19.78441619873047]
14:34:09,262 INFO  ~ Iteration [66] error is: [19.768373489379883]
14:34:09,676 INFO  ~ Iteration [67] error is: [19.75212860107422]
14:34:10,104 INFO  ~ Iteration [68] error is: [19.735897064208984]
14:34:10,569 INFO  ~ Iteration [69] error is: [19.719459533691406]
14:34:11,020 INFO  ~ Iteration [70] error is: [19.702848434448242]
14:34:11,439 INFO  ~ Iteration [71] error is: [19.68606185913086]
14:34:11,900 INFO  ~ Iteration [72] error is: [19.66934585571289]
14:34:12,346 INFO  ~ Iteration [73] error is: [19.652606964111328]
14:34:12,843 INFO  ~ Iteration [74] error is: [19.635765075683594]
14:34:13,301 INFO  ~ Iteration [75] error is: [19.618614196777344]
14:34:13,823 INFO  ~ Iteration [76] error is: [19.60155487060547]
14:34:14,285 INFO  ~ Iteration [77] error is: [19.584442138671875]
14:34:14,722 INFO  ~ Iteration [78] error is: [19.567302703857422]
14:34:15,152 INFO  ~ Iteration [79] error is: [19.550264358520508]
14:34:15,589 INFO  ~ Iteration [80] error is: [19.533180236816406]
14:34:16,055 INFO  ~ Iteration [81] error is: [19.51592254638672]
14:34:16,560 INFO  ~ Iteration [82] error is: [19.498760223388672]
14:34:17,008 INFO  ~ Iteration [83] error is: [19.4815673828125]
14:34:17,440 INFO  ~ Iteration [84] error is: [19.464378356933594]
14:34:17,879 INFO  ~ Iteration [85] error is: [19.44717025756836]
14:34:18,314 INFO  ~ Iteration [86] error is: [19.43027114868164]
14:34:18,746 INFO  ~ Iteration [87] error is: [19.413360595703125]
14:34:19,177 INFO  ~ Iteration [88] error is: [19.396514892578125]
14:34:19,641 INFO  ~ Iteration [89] error is: [19.379627227783203]
14:34:20,052 INFO  ~ Iteration [90] error is: [19.362865447998047]
14:34:20,496 INFO  ~ Iteration [91] error is: [19.34627342224121]
14:34:20,995 INFO  ~ Iteration [92] error is: [19.329910278320312]
14:34:21,502 INFO  ~ Iteration [93] error is: [19.313812255859375]
14:34:21,958 INFO  ~ Iteration [94] error is: [19.297657012939453]
14:34:22,505 INFO  ~ Iteration [95] error is: [19.28187370300293]
14:34:23,057 INFO  ~ Iteration [96] error is: [19.26628875732422]
14:34:23,699 INFO  ~ Iteration [97] error is: [19.2508544921875]
14:34:24,203 INFO  ~ Iteration [98] error is: [19.235607147216797]
14:34:24,620 INFO  ~ Iteration [99] error is: [19.220746994018555]
14:34:25,062 INFO  ~ Iteration [100] error is: [19.20618438720703]
14:34:25,493 INFO  ~ Iteration [101] error is: [3.403219699859619]
14:34:25,951 INFO  ~ Iteration [102] error is: [3.3991260528564453]
14:34:26,510 INFO  ~ Iteration [103] error is: [3.3953697681427]
14:34:26,997 INFO  ~ Iteration [104] error is: [3.3919637203216553]
14:34:27,550 INFO  ~ Iteration [105] error is: [3.3888111114501953]
14:34:27,973 INFO  ~ Iteration [106] error is: [3.3858706951141357]
14:34:28,464 INFO  ~ Iteration [107] error is: [3.383080244064331]
14:34:28,910 INFO  ~ Iteration [108] error is: [3.3804116249084473]
14:34:29,346 INFO  ~ Iteration [109] error is: [3.3778481483459473]
14:34:29,783 INFO  ~ Iteration [110] error is: [3.375359296798706]
14:34:30,247 INFO  ~ Iteration [111] error is: [3.372945785522461]
14:34:30,682 INFO  ~ Iteration [112] error is: [3.3705685138702393]
14:34:31,131 INFO  ~ Iteration [113] error is: [3.3682098388671875]
14:34:31,608 INFO  ~ Iteration [114] error is: [3.365898609161377]
14:34:32,029 INFO  ~ Iteration [115] error is: [3.3636200428009033]
14:34:32,442 INFO  ~ Iteration [116] error is: [3.361353874206543]
14:34:32,915 INFO  ~ Iteration [117] error is: [3.3590915203094482]
14:34:33,374 INFO  ~ Iteration [118] error is: [3.356849193572998]
14:34:33,812 INFO  ~ Iteration [119] error is: [3.3546042442321777]
14:34:34,236 INFO  ~ Iteration [120] error is: [3.352358818054199]
14:34:34,693 INFO  ~ Iteration [121] error is: [3.3501057624816895]
14:34:35,178 INFO  ~ Iteration [122] error is: [3.347858428955078]
14:34:35,652 INFO  ~ Iteration [123] error is: [3.345625400543213]
14:34:36,126 INFO  ~ Iteration [124] error is: [3.343384265899658]
14:34:36,605 INFO  ~ Iteration [125] error is: [3.3411364555358887]
14:34:37,031 INFO  ~ Iteration [126] error is: [3.3388943672180176]
14:34:37,458 INFO  ~ Iteration [127] error is: [3.3366496562957764]
14:34:37,924 INFO  ~ Iteration [128] error is: [3.3344101905822754]
14:34:38,367 INFO  ~ Iteration [129] error is: [3.332179546356201]
14:34:38,803 INFO  ~ Iteration [130] error is: [3.329944133758545]
14:34:39,234 INFO  ~ Iteration [131] error is: [3.3276872634887695]
14:34:39,717 INFO  ~ Iteration [132] error is: [3.325423240661621]
14:34:40,498 INFO  ~ Iteration [133] error is: [3.323194980621338]
14:34:41,029 INFO  ~ Iteration [134] error is: [3.320953607559204]
14:34:41,518 INFO  ~ Iteration [135] error is: [3.318720817565918]
14:34:41,954 INFO  ~ Iteration [136] error is: [3.3164801597595215]
14:34:42,378 INFO  ~ Iteration [137] error is: [3.3142507076263428]
14:34:42,800 INFO  ~ Iteration [138] error is: [3.311984062194824]
14:34:43,272 INFO  ~ Iteration [139] error is: [3.309744358062744]
14:34:43,784 INFO  ~ Iteration [140] error is: [3.3075122833251953]
14:34:44,221 INFO  ~ Iteration [141] error is: [3.305276393890381]
14:34:44,663 INFO  ~ Iteration [142] error is: [3.303034782409668]
14:34:45,119 INFO  ~ Iteration [143] error is: [3.300800323486328]
14:34:45,562 INFO  ~ Iteration [144] error is: [3.2985548973083496]
14:34:46,075 INFO  ~ Iteration [145] error is: [3.2963008880615234]
14:34:46,598 INFO  ~ Iteration [146] error is: [3.2940573692321777]
14:34:47,128 INFO  ~ Iteration [147] error is: [3.291806697845459]
14:34:47,568 INFO  ~ Iteration [148] error is: [3.2895689010620117]
14:34:47,991 INFO  ~ Iteration [149] error is: [3.287322998046875]
14:34:48,419 INFO  ~ Iteration [150] error is: [3.2850723266601562]
14:34:48,849 INFO  ~ Iteration [151] error is: [3.282823324203491]
14:34:49,333 INFO  ~ Iteration [152] error is: [3.2805750370025635]
14:34:49,855 INFO  ~ Iteration [153] error is: [3.278317928314209]
14:34:50,384 INFO  ~ Iteration [154] error is: [3.2760539054870605]
14:34:50,970 INFO  ~ Iteration [155] error is: [3.273790121078491]
14:34:51,501 INFO  ~ Iteration [156] error is: [3.2715320587158203]
14:34:52,044 INFO  ~ Iteration [157] error is: [3.269289970397949]
14:34:52,537 INFO  ~ Iteration [158] error is: [3.2670178413391113]
14:34:53,077 INFO  ~ Iteration [159] error is: [3.2647314071655273]
14:34:53,597 INFO  ~ Iteration [160] error is: [3.262470245361328]
14:34:54,055 INFO  ~ Iteration [161] error is: [3.2601866722106934]
14:34:54,516 INFO  ~ Iteration [162] error is: [3.257913112640381]
14:34:55,039 INFO  ~ Iteration [163] error is: [3.255642890930176]
14:34:55,662 INFO  ~ Iteration [164] error is: [3.2533655166625977]
14:34:56,103 INFO  ~ Iteration [165] error is: [3.2510695457458496]
14:34:56,520 INFO  ~ Iteration [166] error is: [3.2487664222717285]
14:34:56,944 INFO  ~ Iteration [167] error is: [3.2464823722839355]
14:34:57,404 INFO  ~ Iteration [168] error is: [3.2441835403442383]
14:34:57,833 INFO  ~ Iteration [169] error is: [3.241858959197998]
14:34:58,272 INFO  ~ Iteration [170] error is: [3.239565849304199]
14:34:58,735 INFO  ~ Iteration [171] error is: [3.2372398376464844]
14:34:59,165 INFO  ~ Iteration [172] error is: [3.234926223754883]
14:34:59,636 INFO  ~ Iteration [173] error is: [3.2325873374938965]
14:35:00,093 INFO  ~ Iteration [174] error is: [3.2302634716033936]
14:35:00,557 INFO  ~ Iteration [175] error is: [3.2279224395751953]
14:35:01,038 INFO  ~ Iteration [176] error is: [3.2255775928497314]
14:35:01,462 INFO  ~ Iteration [177] error is: [3.2232139110565186]
14:35:01,907 INFO  ~ Iteration [178] error is: [3.2208642959594727]
14:35:02,384 INFO  ~ Iteration [179] error is: [3.2185044288635254]
14:35:02,798 INFO  ~ Iteration [180] error is: [3.2161402702331543]
14:35:03,219 INFO  ~ Iteration [181] error is: [3.2137820720672607]
14:35:03,686 INFO  ~ Iteration [182] error is: [3.2113964557647705]
14:35:04,125 INFO  ~ Iteration [183] error is: [3.208977699279785]
14:35:04,573 INFO  ~ Iteration [184] error is: [3.206589937210083]
14:35:05,072 INFO  ~ Iteration [185] error is: [3.204190731048584]
14:35:05,494 INFO  ~ Iteration [186] error is: [3.201773166656494]
14:35:05,926 INFO  ~ Iteration [187] error is: [3.199331045150757]
14:35:06,352 INFO  ~ Iteration [188] error is: [3.1968836784362793]
14:35:06,786 INFO  ~ Iteration [189] error is: [3.194446563720703]
14:35:07,281 INFO  ~ Iteration [190] error is: [3.1919846534729004]
14:35:07,747 INFO  ~ Iteration [191] error is: [3.1895370483398438]
14:35:08,159 INFO  ~ Iteration [192] error is: [3.187082529067993]
14:35:08,606 INFO  ~ Iteration [193] error is: [3.184612512588501]
14:35:09,124 INFO  ~ Iteration [194] error is: [3.1821389198303223]
14:35:09,611 INFO  ~ Iteration [195] error is: [3.1796255111694336]
14:35:10,032 INFO  ~ Iteration [196] error is: [3.1771111488342285]
14:35:10,478 INFO  ~ Iteration [197] error is: [3.17460036277771]
14:35:10,962 INFO  ~ Iteration [198] error is: [3.1720824241638184]
14:35:11,516 INFO  ~ Iteration [199] error is: [3.169574737548828]
14:35:11,980 INFO  ~ Iteration [200] error is: [3.1670408248901367]
14:35:12,448 INFO  ~ Iteration [201] error is: [3.1645073890686035]
14:35:12,906 INFO  ~ Iteration [202] error is: [3.161968231201172]
14:35:13,358 INFO  ~ Iteration [203] error is: [3.15940260887146]
14:35:13,807 INFO  ~ Iteration [204] error is: [3.1568474769592285]
14:35:14,270 INFO  ~ Iteration [205] error is: [3.1542797088623047]
14:35:14,692 INFO  ~ Iteration [206] error is: [3.151719808578491]
14:35:15,190 INFO  ~ Iteration [207] error is: [3.149150848388672]
14:35:15,743 INFO  ~ Iteration [208] error is: [3.1465649604797363]
14:35:16,173 INFO  ~ Iteration [209] error is: [3.1439642906188965]
14:35:16,585 INFO  ~ Iteration [210] error is: [3.1413872241973877]
14:35:16,996 INFO  ~ Iteration [211] error is: [3.1387858390808105]
14:35:17,427 INFO  ~ Iteration [212] error is: [3.136201858520508]
14:35:17,855 INFO  ~ Iteration [213] error is: [3.13360595703125]
14:35:18,279 INFO  ~ Iteration [214] error is: [3.1309871673583984]
14:35:18,711 INFO  ~ Iteration [215] error is: [3.1283836364746094]
14:35:19,177 INFO  ~ Iteration [216] error is: [3.1257901191711426]
14:35:19,630 INFO  ~ Iteration [217] error is: [3.1231579780578613]
14:35:20,072 INFO  ~ Iteration [218] error is: [3.1205406188964844]
14:35:20,571 INFO  ~ Iteration [219] error is: [3.117934226989746]
14:35:21,029 INFO  ~ Iteration [220] error is: [3.1152806282043457]
14:35:21,474 INFO  ~ Iteration [221] error is: [3.1126694679260254]
14:35:21,946 INFO  ~ Iteration [222] error is: [3.1100378036499023]
14:35:22,475 INFO  ~ Iteration [223] error is: [3.1074252128601074]
14:35:23,107 INFO  ~ Iteration [224] error is: [3.1047801971435547]
14:35:23,687 INFO  ~ Iteration [225] error is: [3.102130889892578]
14:35:24,112 INFO  ~ Iteration [226] error is: [3.0994937419891357]
14:35:24,544 INFO  ~ Iteration [227] error is: [3.0968289375305176]
14:35:25,039 INFO  ~ Iteration [228] error is: [3.0941810607910156]
14:35:25,488 INFO  ~ Iteration [229] error is: [3.091531276702881]
14:35:25,913 INFO  ~ Iteration [230] error is: [3.0888547897338867]
14:35:26,324 INFO  ~ Iteration [231] error is: [3.086191177368164]
14:35:26,760 INFO  ~ Iteration [232] error is: [3.0835061073303223]
14:35:27,176 INFO  ~ Iteration [233] error is: [3.0808169841766357]
14:35:27,612 INFO  ~ Iteration [234] error is: [3.0781123638153076]
14:35:28,048 INFO  ~ Iteration [235] error is: [3.075453758239746]
14:35:28,493 INFO  ~ Iteration [236] error is: [3.0727548599243164]
14:35:29,006 INFO  ~ Iteration [237] error is: [3.070056200027466]
14:35:29,446 INFO  ~ Iteration [238] error is: [3.067335605621338]
14:35:29,890 INFO  ~ Iteration [239] error is: [3.064610481262207]
14:35:30,318 INFO  ~ Iteration [240] error is: [3.061880111694336]
14:35:30,766 INFO  ~ Iteration [241] error is: [3.0591516494750977]
14:35:31,259 INFO  ~ Iteration [242] error is: [3.056434154510498]
14:35:31,753 INFO  ~ Iteration [243] error is: [3.0536961555480957]
14:35:32,245 INFO  ~ Iteration [244] error is: [3.0509591102600098]
14:35:32,775 INFO  ~ Iteration [245] error is: [3.048218011856079]
14:35:33,269 INFO  ~ Iteration [246] error is: [3.045412540435791]
14:35:33,710 INFO  ~ Iteration [247] error is: [3.0426528453826904]
14:35:34,134 INFO  ~ Iteration [248] error is: [3.039867877960205]
14:35:34,590 INFO  ~ Iteration [249] error is: [3.0371060371398926]
14:35:35,090 INFO  ~ Iteration [250] error is: [3.034281015396118]
14:35:35,553 INFO  ~ Iteration [251] error is: [3.0314879417419434]
14:35:36,063 INFO  ~ Iteration [252] error is: [3.0286965370178223]
14:35:36,491 INFO  ~ Iteration [253] error is: [3.0258870124816895]
14:35:36,916 INFO  ~ Iteration [254] error is: [3.0230703353881836]
14:35:37,404 INFO  ~ Iteration [255] error is: [3.02023983001709]
14:35:37,970 INFO  ~ Iteration [256] error is: [3.0174145698547363]
14:35:38,471 INFO  ~ Iteration [257] error is: [3.0145959854125977]
14:35:38,925 INFO  ~ Iteration [258] error is: [3.01173734664917]
14:35:39,415 INFO  ~ Iteration [259] error is: [3.008908748626709]
14:35:39,895 INFO  ~ Iteration [260] error is: [3.0060532093048096]
14:35:40,418 INFO  ~ Iteration [261] error is: [3.003202199935913]
14:35:41,168 INFO  ~ Iteration [262] error is: [3.000305652618408]
14:35:41,814 INFO  ~ Iteration [263] error is: [2.9974708557128906]
14:35:42,316 INFO  ~ Iteration [264] error is: [2.994595527648926]
14:35:43,005 INFO  ~ Iteration [265] error is: [2.991726875305176]
14:35:43,452 INFO  ~ Iteration [266] error is: [2.988859176635742]
14:35:43,878 INFO  ~ Iteration [267] error is: [2.9859845638275146]
14:35:44,330 INFO  ~ Iteration [268] error is: [2.98311448097229]
14:35:44,767 INFO  ~ Iteration [269] error is: [2.9802098274230957]
14:35:45,339 INFO  ~ Iteration [270] error is: [2.977330446243286]
14:35:45,766 INFO  ~ Iteration [271] error is: [2.974433660507202]
14:35:46,192 INFO  ~ Iteration [272] error is: [2.9715447425842285]
14:35:46,630 INFO  ~ Iteration [273] error is: [2.9686365127563477]
14:35:47,073 INFO  ~ Iteration [274] error is: [2.9657537937164307]
14:35:47,503 INFO  ~ Iteration [275] error is: [2.9628710746765137]
14:35:47,924 INFO  ~ Iteration [276] error is: [2.9599688053131104]
14:35:48,398 INFO  ~ Iteration [277] error is: [2.9570584297180176]
14:35:48,875 INFO  ~ Iteration [278] error is: [2.9541616439819336]
14:35:49,351 INFO  ~ Iteration [279] error is: [2.951242208480835]
14:35:49,763 INFO  ~ Iteration [280] error is: [2.948352336883545]
14:35:50,191 INFO  ~ Iteration [281] error is: [2.9454398155212402]
14:35:50,620 INFO  ~ Iteration [282] error is: [2.942521572113037]
14:35:51,053 INFO  ~ Iteration [283] error is: [2.939591407775879]
14:35:51,505 INFO  ~ Iteration [284] error is: [2.936676025390625]
14:35:51,953 INFO  ~ Iteration [285] error is: [2.9337563514709473]
14:35:52,396 INFO  ~ Iteration [286] error is: [2.9308507442474365]
14:35:52,818 INFO  ~ Iteration [287] error is: [2.9279274940490723]
14:35:53,251 INFO  ~ Iteration [288] error is: [2.9250030517578125]
14:35:53,659 INFO  ~ Iteration [289] error is: [2.922084093093872]
14:35:54,132 INFO  ~ Iteration [290] error is: [2.919140577316284]
14:35:54,580 INFO  ~ Iteration [291] error is: [2.916212320327759]
14:35:55,012 INFO  ~ Iteration [292] error is: [2.913282871246338]
14:35:55,442 INFO  ~ Iteration [293] error is: [2.910360813140869]
14:35:55,885 INFO  ~ Iteration [294] error is: [2.907449722290039]
14:35:56,326 INFO  ~ Iteration [295] error is: [2.9045209884643555]
14:35:56,858 INFO  ~ Iteration [296] error is: [2.9015743732452393]
14:35:57,348 INFO  ~ Iteration [297] error is: [2.8986258506774902]
14:35:57,800 INFO  ~ Iteration [298] error is: [2.895712375640869]
14:35:58,242 INFO  ~ Iteration [299] error is: [2.8927550315856934]
14:35:58,739 INFO  ~ Iteration [300] error is: [2.8898348808288574]
14:35:59,223 INFO  ~ Iteration [301] error is: [2.8868625164031982]
14:35:59,632 INFO  ~ Iteration [302] error is: [2.8839285373687744]
14:36:00,054 INFO  ~ Iteration [303] error is: [2.880967140197754]
14:36:00,481 INFO  ~ Iteration [304] error is: [2.8780312538146973]
14:36:00,905 INFO  ~ Iteration [305] error is: [2.8750765323638916]
14:36:01,375 INFO  ~ Iteration [306] error is: [2.8721065521240234]
14:36:01,861 INFO  ~ Iteration [307] error is: [2.8691558837890625]
14:36:02,329 INFO  ~ Iteration [308] error is: [2.8662071228027344]
14:36:02,778 INFO  ~ Iteration [309] error is: [2.863227128982544]
14:36:03,232 INFO  ~ Iteration [310] error is: [2.86026930809021]
14:36:03,651 INFO  ~ Iteration [311] error is: [2.8573195934295654]
14:36:04,096 INFO  ~ Iteration [312] error is: [2.8543334007263184]
14:36:04,576 INFO  ~ Iteration [313] error is: [2.8513731956481934]
14:36:05,035 INFO  ~ Iteration [314] error is: [2.8484082221984863]
14:36:05,544 INFO  ~ Iteration [315] error is: [2.8454596996307373]
14:36:05,998 INFO  ~ Iteration [316] error is: [2.8424630165100098]
14:36:06,452 INFO  ~ Iteration [317] error is: [2.8395004272460938]
14:36:06,887 INFO  ~ Iteration [318] error is: [2.836543083190918]
14:36:07,388 INFO  ~ Iteration [319] error is: [2.8335585594177246]
14:36:07,954 INFO  ~ Iteration [320] error is: [2.830580949783325]
14:36:08,447 INFO  ~ Iteration [321] error is: [2.827580451965332]
14:36:08,971 INFO  ~ Iteration [322] error is: [2.8246092796325684]
14:36:09,447 INFO  ~ Iteration [323] error is: [2.8216209411621094]
14:36:09,888 INFO  ~ Iteration [324] error is: [2.818664073944092]
14:36:10,336 INFO  ~ Iteration [325] error is: [2.815703868865967]
14:36:10,765 INFO  ~ Iteration [326] error is: [2.812748432159424]
14:36:11,223 INFO  ~ Iteration [327] error is: [2.809779167175293]
14:36:11,651 INFO  ~ Iteration [328] error is: [2.806811809539795]
14:36:12,100 INFO  ~ Iteration [329] error is: [2.8038370609283447]
14:36:12,531 INFO  ~ Iteration [330] error is: [2.8008952140808105]
14:36:12,977 INFO  ~ Iteration [331] error is: [2.7979352474212646]
14:36:13,402 INFO  ~ Iteration [332] error is: [2.79498291015625]
14:36:13,866 INFO  ~ Iteration [333] error is: [2.792022228240967]
14:36:14,393 INFO  ~ Iteration [334] error is: [2.7890748977661133]
14:36:14,851 INFO  ~ Iteration [335] error is: [2.7861218452453613]
14:36:15,320 INFO  ~ Iteration [336] error is: [2.7831921577453613]
14:36:15,753 INFO  ~ Iteration [337] error is: [2.7802703380584717]
14:36:16,179 INFO  ~ Iteration [338] error is: [2.7773613929748535]
14:36:16,615 INFO  ~ Iteration [339] error is: [2.7744364738464355]
14:36:17,049 INFO  ~ Iteration [340] error is: [2.7715277671813965]
14:36:17,481 INFO  ~ Iteration [341] error is: [2.7686095237731934]
14:36:17,961 INFO  ~ Iteration [342] error is: [2.7656946182250977]
14:36:18,411 INFO  ~ Iteration [343] error is: [2.762784719467163]
14:36:18,902 INFO  ~ Iteration [344] error is: [2.7598891258239746]
14:36:19,357 INFO  ~ Iteration [345] error is: [2.7570197582244873]
14:36:19,783 INFO  ~ Iteration [346] error is: [2.7541451454162598]
14:36:20,228 INFO  ~ Iteration [347] error is: [2.75125789642334]
14:36:20,910 INFO  ~ Iteration [348] error is: [2.7483749389648438]
14:36:21,463 INFO  ~ Iteration [349] error is: [2.745499610900879]
14:36:21,960 INFO  ~ Iteration [350] error is: [2.742633819580078]
14:36:22,455 INFO  ~ Iteration [351] error is: [2.7397775650024414]
14:36:22,879 INFO  ~ Iteration [352] error is: [2.736919403076172]
14:36:23,408 INFO  ~ Iteration [353] error is: [2.734065055847168]
14:36:23,908 INFO  ~ Iteration [354] error is: [2.7311980724334717]
14:36:24,524 INFO  ~ Iteration [355] error is: [2.7283570766448975]
14:36:25,302 INFO  ~ Iteration [356] error is: [2.7255258560180664]
14:36:26,005 INFO  ~ Iteration [357] error is: [2.72269606590271]
14:36:26,532 INFO  ~ Iteration [358] error is: [2.719862937927246]
14:36:27,168 INFO  ~ Iteration [359] error is: [2.7170372009277344]
14:36:27,896 INFO  ~ Iteration [360] error is: [2.714185953140259]
14:36:28,500 INFO  ~ Iteration [361] error is: [2.7113656997680664]
14:36:29,215 INFO  ~ Iteration [362] error is: [2.7085485458374023]
14:36:30,235 INFO  ~ Iteration [363] error is: [2.7057461738586426]
14:36:31,318 INFO  ~ Iteration [364] error is: [2.7029666900634766]
14:36:32,229 INFO  ~ Iteration [365] error is: [2.7001545429229736]
14:36:33,297 INFO  ~ Iteration [366] error is: [2.697355270385742]
14:36:34,302 INFO  ~ Iteration [367] error is: [2.6945571899414062]
14:36:35,297 INFO  ~ Iteration [368] error is: [2.691768169403076]
14:36:36,207 INFO  ~ Iteration [369] error is: [2.688994884490967]
14:36:37,113 INFO  ~ Iteration [370] error is: [2.686199188232422]
14:36:38,184 INFO  ~ Iteration [371] error is: [2.6834194660186768]
14:36:39,320 INFO  ~ Iteration [372] error is: [2.6806650161743164]
14:36:40,319 INFO  ~ Iteration [373] error is: [2.6778903007507324]
14:36:41,302 INFO  ~ Iteration [374] error is: [2.675116539001465]
14:36:41,859 INFO  ~ Iteration [375] error is: [2.6723670959472656]
14:36:42,374 INFO  ~ Iteration [376] error is: [2.6696290969848633]
14:36:43,002 INFO  ~ Iteration [377] error is: [2.666867733001709]
14:36:43,465 INFO  ~ Iteration [378] error is: [2.6640963554382324]
14:36:43,921 INFO  ~ Iteration [379] error is: [2.6613566875457764]
14:36:44,385 INFO  ~ Iteration [380] error is: [2.6586108207702637]
14:36:44,793 INFO  ~ Iteration [381] error is: [2.6558847427368164]
14:36:45,204 INFO  ~ Iteration [382] error is: [2.6531405448913574]
14:36:45,638 INFO  ~ Iteration [383] error is: [2.650435209274292]
14:36:46,094 INFO  ~ Iteration [384] error is: [2.647705554962158]
14:36:46,520 INFO  ~ Iteration [385] error is: [2.644965410232544]
14:36:46,970 INFO  ~ Iteration [386] error is: [2.642246723175049]
14:36:47,451 INFO  ~ Iteration [387] error is: [2.639528274536133]
14:36:47,919 INFO  ~ Iteration [388] error is: [2.6368308067321777]
14:36:48,333 INFO  ~ Iteration [389] error is: [2.634101152420044]
14:36:48,762 INFO  ~ Iteration [390] error is: [2.631385326385498]
14:36:49,211 INFO  ~ Iteration [391] error is: [2.6286816596984863]
14:36:49,660 INFO  ~ Iteration [392] error is: [2.6259593963623047]
14:36:50,208 INFO  ~ Iteration [393] error is: [2.62324857711792]
14:36:50,664 INFO  ~ Iteration [394] error is: [2.6205427646636963]
14:36:51,101 INFO  ~ Iteration [395] error is: [2.6178598403930664]
14:36:51,515 INFO  ~ Iteration [396] error is: [2.6151745319366455]
14:36:52,137 INFO  ~ Iteration [397] error is: [2.6124727725982666]
14:36:52,689 INFO  ~ Iteration [398] error is: [2.6097774505615234]
14:36:53,160 INFO  ~ Iteration [399] error is: [2.607100009918213]
14:36:53,595 INFO  ~ Iteration [400] error is: [2.604416847229004]
14:36:54,010 INFO  ~ Iteration [401] error is: [2.601761817932129]
14:36:54,491 INFO  ~ Iteration [402] error is: [2.599106788635254]
14:36:54,910 INFO  ~ Iteration [403] error is: [2.5964388847351074]
14:36:55,335 INFO  ~ Iteration [404] error is: [2.5937938690185547]
14:36:55,786 INFO  ~ Iteration [405] error is: [2.5911288261413574]
14:36:56,201 INFO  ~ Iteration [406] error is: [2.588479995727539]
14:36:56,620 INFO  ~ Iteration [407] error is: [2.585817337036133]
14:36:57,051 INFO  ~ Iteration [408] error is: [2.5832040309906006]
14:36:57,475 INFO  ~ Iteration [409] error is: [2.5805530548095703]
14:36:57,955 INFO  ~ Iteration [410] error is: [2.577930450439453]
14:36:58,382 INFO  ~ Iteration [411] error is: [2.575300693511963]
14:36:58,838 INFO  ~ Iteration [412] error is: [2.5726890563964844]
14:36:59,279 INFO  ~ Iteration [413] error is: [2.5700879096984863]
14:36:59,763 INFO  ~ Iteration [414] error is: [2.567490816116333]
14:37:00,209 INFO  ~ Iteration [415] error is: [2.5649025440216064]
14:37:00,623 INFO  ~ Iteration [416] error is: [2.5622878074645996]
14:37:01,075 INFO  ~ Iteration [417] error is: [2.5596823692321777]
14:37:01,496 INFO  ~ Iteration [418] error is: [2.5570969581604004]
14:37:02,057 INFO  ~ Iteration [419] error is: [2.5545501708984375]
14:37:02,534 INFO  ~ Iteration [420] error is: [2.551975727081299]
14:37:03,030 INFO  ~ Iteration [421] error is: [2.5494091510772705]
14:37:03,450 INFO  ~ Iteration [422] error is: [2.546839952468872]
14:37:03,865 INFO  ~ Iteration [423] error is: [2.5442728996276855]
14:37:04,359 INFO  ~ Iteration [424] error is: [2.5417308807373047]
14:37:04,790 INFO  ~ Iteration [425] error is: [2.5391721725463867]
14:37:05,241 INFO  ~ Iteration [426] error is: [2.536635398864746]
14:37:05,737 INFO  ~ Iteration [427] error is: [2.5340967178344727]
14:37:06,222 INFO  ~ Iteration [428] error is: [2.53155517578125]
14:37:06,698 INFO  ~ Iteration [429] error is: [2.52902889251709]
14:37:07,174 INFO  ~ Iteration [430] error is: [2.526517868041992]
14:37:07,641 INFO  ~ Iteration [431] error is: [2.5239906311035156]
14:37:08,100 INFO  ~ Iteration [432] error is: [2.5214662551879883]
14:37:08,579 INFO  ~ Iteration [433] error is: [2.518958806991577]
14:37:09,136 INFO  ~ Iteration [434] error is: [2.5164341926574707]
14:37:09,585 INFO  ~ Iteration [435] error is: [2.5139284133911133]
14:37:10,012 INFO  ~ Iteration [436] error is: [2.5114383697509766]
14:37:10,443 INFO  ~ Iteration [437] error is: [2.5089268684387207]
14:37:10,975 INFO  ~ Iteration [438] error is: [2.506434202194214]
14:37:11,442 INFO  ~ Iteration [439] error is: [2.5039520263671875]
14:37:11,859 INFO  ~ Iteration [440] error is: [2.5014748573303223]
14:37:12,275 INFO  ~ Iteration [441] error is: [2.4989938735961914]
14:37:12,710 INFO  ~ Iteration [442] error is: [2.4965240955352783]
14:37:13,190 INFO  ~ Iteration [443] error is: [2.4940316677093506]
14:37:13,610 INFO  ~ Iteration [444] error is: [2.4915642738342285]
14:37:14,069 INFO  ~ Iteration [445] error is: [2.4890949726104736]
14:37:14,650 INFO  ~ Iteration [446] error is: [2.486642837524414]
14:37:15,158 INFO  ~ Iteration [447] error is: [2.4841885566711426]
14:37:15,623 INFO  ~ Iteration [448] error is: [2.4817214012145996]
14:37:16,237 INFO  ~ Iteration [449] error is: [2.479280948638916]
14:37:16,788 INFO  ~ Iteration [450] error is: [2.476823329925537]
14:37:17,207 INFO  ~ Iteration [451] error is: [2.4743807315826416]
14:37:17,624 INFO  ~ Iteration [452] error is: [2.471945285797119]
14:37:18,064 INFO  ~ Iteration [453] error is: [2.4695091247558594]
14:37:18,483 INFO  ~ Iteration [454] error is: [2.467087507247925]
14:37:18,918 INFO  ~ Iteration [455] error is: [2.4646756649017334]
14:37:19,393 INFO  ~ Iteration [456] error is: [2.462268352508545]
14:37:19,874 INFO  ~ Iteration [457] error is: [2.4598500728607178]
14:37:20,314 INFO  ~ Iteration [458] error is: [2.457453727722168]
14:37:20,739 INFO  ~ Iteration [459] error is: [2.455071449279785]
14:37:21,174 INFO  ~ Iteration [460] error is: [2.452688217163086]
14:37:21,650 INFO  ~ Iteration [461] error is: [2.450284719467163]
14:37:22,087 INFO  ~ Iteration [462] error is: [2.4479267597198486]
14:37:22,519 INFO  ~ Iteration [463] error is: [2.4455580711364746]
14:37:23,055 INFO  ~ Iteration [464] error is: [2.4431846141815186]
14:37:23,505 INFO  ~ Iteration [465] error is: [2.440863847732544]
14:37:23,977 INFO  ~ Iteration [466] error is: [2.4385263919830322]
14:37:24,428 INFO  ~ Iteration [467] error is: [2.4361917972564697]
14:37:24,869 INFO  ~ Iteration [468] error is: [2.4338574409484863]
14:37:25,309 INFO  ~ Iteration [469] error is: [2.431532382965088]
14:37:25,786 INFO  ~ Iteration [470] error is: [2.42923641204834]
14:37:26,259 INFO  ~ Iteration [471] error is: [2.4268970489501953]
14:37:26,761 INFO  ~ Iteration [472] error is: [2.424610137939453]
14:37:27,205 INFO  ~ Iteration [473] error is: [2.4223034381866455]
14:37:27,658 INFO  ~ Iteration [474] error is: [2.420011043548584]
14:37:28,094 INFO  ~ Iteration [475] error is: [2.4177207946777344]
14:37:28,614 INFO  ~ Iteration [476] error is: [2.4154391288757324]
14:37:29,172 INFO  ~ Iteration [477] error is: [2.413196563720703]
14:37:29,586 INFO  ~ Iteration [478] error is: [2.4109325408935547]
14:37:30,008 INFO  ~ Iteration [479] error is: [2.4086737632751465]
14:37:30,456 INFO  ~ Iteration [480] error is: [2.4064180850982666]
14:37:30,930 INFO  ~ Iteration [481] error is: [2.4041943550109863]
14:37:31,399 INFO  ~ Iteration [482] error is: [2.4019575119018555]
14:37:31,841 INFO  ~ Iteration [483] error is: [2.3997368812561035]
14:37:32,257 INFO  ~ Iteration [484] error is: [2.397507667541504]
14:37:32,679 INFO  ~ Iteration [485] error is: [2.3953285217285156]
14:37:33,143 INFO  ~ Iteration [486] error is: [2.393110752105713]
14:37:33,570 INFO  ~ Iteration [487] error is: [2.390920639038086]
14:37:33,980 INFO  ~ Iteration [488] error is: [2.388737201690674]
14:37:34,424 INFO  ~ Iteration [489] error is: [2.3865714073181152]
14:37:34,905 INFO  ~ Iteration [490] error is: [2.3843908309936523]
14:37:35,387 INFO  ~ Iteration [491] error is: [2.38222599029541]
14:37:35,803 INFO  ~ Iteration [492] error is: [2.380059003829956]
14:37:36,268 INFO  ~ Iteration [493] error is: [2.3779149055480957]
14:37:36,807 INFO  ~ Iteration [494] error is: [2.375750780105591]
14:37:37,324 INFO  ~ Iteration [495] error is: [2.3736138343811035]
14:37:37,842 INFO  ~ Iteration [496] error is: [2.3714828491210938]
14:37:38,315 INFO  ~ Iteration [497] error is: [2.369372606277466]
14:37:38,726 INFO  ~ Iteration [498] error is: [2.3672585487365723]
14:37:39,183 INFO  ~ Iteration [499] error is: [2.3651387691497803]
14:37:39,612 INFO  ~ Iteration [500] error is: [2.363032102584839]
14:37:40,207 INFO  ~ Iteration [501] error is: [2.3609299659729004]
14:37:40,660 INFO  ~ Iteration [502] error is: [2.3588244915008545]
14:37:41,108 INFO  ~ Iteration [503] error is: [2.356745958328247]
14:37:41,565 INFO  ~ Iteration [504] error is: [2.354656219482422]
14:37:41,993 INFO  ~ Iteration [505] error is: [2.3525829315185547]
14:37:42,422 INFO  ~ Iteration [506] error is: [2.3505187034606934]
14:37:42,852 INFO  ~ Iteration [507] error is: [2.3484606742858887]
14:37:43,290 INFO  ~ Iteration [508] error is: [2.346397638320923]
14:37:43,713 INFO  ~ Iteration [509] error is: [2.344339370727539]
14:37:44,191 INFO  ~ Iteration [510] error is: [2.3422956466674805]
14:37:44,604 INFO  ~ Iteration [511] error is: [2.340251922607422]
14:37:45,050 INFO  ~ Iteration [512] error is: [2.3382070064544678]
14:37:45,480 INFO  ~ Iteration [513] error is: [2.336167335510254]
14:37:45,935 INFO  ~ Iteration [514] error is: [2.3341479301452637]
14:37:46,372 INFO  ~ Iteration [515] error is: [2.332125186920166]
14:37:46,795 INFO  ~ Iteration [516] error is: [2.330132484436035]
14:37:47,230 INFO  ~ Iteration [517] error is: [2.3281166553497314]
14:37:47,735 INFO  ~ Iteration [518] error is: [2.3261141777038574]
14:37:48,252 INFO  ~ Iteration [519] error is: [2.3241159915924072]
14:37:48,680 INFO  ~ Iteration [520] error is: [2.322127103805542]
14:37:49,110 INFO  ~ Iteration [521] error is: [2.3201544284820557]
14:37:49,532 INFO  ~ Iteration [522] error is: [2.318175792694092]
14:37:49,986 INFO  ~ Iteration [523] error is: [2.3162078857421875]
14:37:50,457 INFO  ~ Iteration [524] error is: [2.3142361640930176]
14:37:50,914 INFO  ~ Iteration [525] error is: [2.3122940063476562]
14:37:51,329 INFO  ~ Iteration [526] error is: [2.3103342056274414]
14:37:51,963 INFO  ~ Iteration [527] error is: [2.308391571044922]
14:37:52,544 INFO  ~ Iteration [528] error is: [2.306447744369507]
14:37:53,252 INFO  ~ Iteration [529] error is: [2.3045222759246826]
14:37:53,961 INFO  ~ Iteration [530] error is: [2.302583694458008]
14:37:54,392 INFO  ~ Iteration [531] error is: [2.3006646633148193]
14:37:54,838 INFO  ~ Iteration [532] error is: [2.298738718032837]
14:37:55,266 INFO  ~ Iteration [533] error is: [2.296820640563965]
14:37:55,727 INFO  ~ Iteration [534] error is: [2.294908046722412]
14:37:56,182 INFO  ~ Iteration [535] error is: [2.2930002212524414]
14:37:56,632 INFO  ~ Iteration [536] error is: [2.291111946105957]
14:37:57,062 INFO  ~ Iteration [537] error is: [2.289217710494995]
14:37:57,568 INFO  ~ Iteration [538] error is: [2.287323474884033]
14:37:58,009 INFO  ~ Iteration [539] error is: [2.285426616668701]
14:37:58,462 INFO  ~ Iteration [540] error is: [2.2835583686828613]
14:37:58,883 INFO  ~ Iteration [541] error is: [2.281684398651123]
14:37:59,305 INFO  ~ Iteration [542] error is: [2.279841184616089]
14:37:59,732 INFO  ~ Iteration [543] error is: [2.277954578399658]
14:38:00,172 INFO  ~ Iteration [544] error is: [2.2761073112487793]
14:38:00,597 INFO  ~ Iteration [545] error is: [2.274250030517578]
14:38:01,058 INFO  ~ Iteration [546] error is: [2.2724108695983887]
14:38:01,469 INFO  ~ Iteration [547] error is: [2.2705740928649902]
14:38:01,900 INFO  ~ Iteration [548] error is: [2.2687346935272217]
14:38:02,369 INFO  ~ Iteration [549] error is: [2.2668862342834473]
14:38:02,841 INFO  ~ Iteration [550] error is: [2.265061855316162]
14:38:03,267 INFO  ~ Iteration [551] error is: [2.2632477283477783]
14:38:03,709 INFO  ~ Iteration [552] error is: [2.26145601272583]
14:38:04,148 INFO  ~ Iteration [553] error is: [2.259679079055786]
14:38:04,623 INFO  ~ Iteration [554] error is: [2.2578797340393066]
14:38:05,071 INFO  ~ Iteration [555] error is: [2.2560958862304688]
14:38:05,492 INFO  ~ Iteration [556] error is: [2.2543129920959473]
14:38:06,035 INFO  ~ Iteration [557] error is: [2.2525241374969482]
14:38:06,680 INFO  ~ Iteration [558] error is: [2.250749111175537]
14:38:07,318 INFO  ~ Iteration [559] error is: [2.2489895820617676]
14:38:08,121 INFO  ~ Iteration [560] error is: [2.2472262382507324]
14:38:09,225 INFO  ~ Iteration [561] error is: [2.245452880859375]
14:38:10,415 INFO  ~ Iteration [562] error is: [2.2436938285827637]
14:38:11,399 INFO  ~ Iteration [563] error is: [2.241942882537842]
14:38:12,367 INFO  ~ Iteration [564] error is: [2.240203380584717]
14:38:13,287 INFO  ~ Iteration [565] error is: [2.2384727001190186]
14:38:14,181 INFO  ~ Iteration [566] error is: [2.2367477416992188]
14:38:15,110 INFO  ~ Iteration [567] error is: [2.2350215911865234]
14:38:16,075 INFO  ~ Iteration [568] error is: [2.2332875728607178]
14:38:16,988 INFO  ~ Iteration [569] error is: [2.231570243835449]
14:38:17,899 INFO  ~ Iteration [570] error is: [2.229856491088867]
14:38:18,875 INFO  ~ Iteration [571] error is: [2.2281503677368164]
14:38:19,874 INFO  ~ Iteration [572] error is: [2.2264411449432373]
14:38:20,741 INFO  ~ Iteration [573] error is: [2.224747657775879]
14:38:21,680 INFO  ~ Iteration [574] error is: [2.2230567932128906]
14:38:22,626 INFO  ~ Iteration [575] error is: [2.2213997840881348]
14:38:23,612 INFO  ~ Iteration [576] error is: [2.219712018966675]
14:38:24,576 INFO  ~ Iteration [577] error is: [2.2180356979370117]
14:38:25,466 INFO  ~ Iteration [578] error is: [2.216367483139038]
14:38:26,400 INFO  ~ Iteration [579] error is: [2.2147011756896973]
14:38:27,443 INFO  ~ Iteration [580] error is: [2.2130677700042725]
14:38:28,390 INFO  ~ Iteration [581] error is: [2.211398124694824]
14:38:29,399 INFO  ~ Iteration [582] error is: [2.2097373008728027]
14:38:30,314 INFO  ~ Iteration [583] error is: [2.2081029415130615]
14:38:31,271 INFO  ~ Iteration [584] error is: [2.2064599990844727]
14:38:32,261 INFO  ~ Iteration [585] error is: [2.204833745956421]
14:38:33,258 INFO  ~ Iteration [586] error is: [2.2032084465026855]
14:38:34,296 INFO  ~ Iteration [587] error is: [2.2015795707702637]
14:38:35,302 INFO  ~ Iteration [588] error is: [2.199951171875]
14:38:36,114 INFO  ~ Iteration [589] error is: [2.198340892791748]
14:38:37,044 INFO  ~ Iteration [590] error is: [2.1967389583587646]
14:38:37,703 INFO  ~ Iteration [591] error is: [2.195146083831787]
14:38:38,607 INFO  ~ Iteration [592] error is: [2.1935410499572754]
14:38:39,631 INFO  ~ Iteration [593] error is: [2.191948413848877]
14:38:40,424 INFO  ~ Iteration [594] error is: [2.190354585647583]
14:38:40,992 INFO  ~ Iteration [595] error is: [2.188767910003662]
14:38:41,895 INFO  ~ Iteration [596] error is: [2.187189817428589]
14:38:43,019 INFO  ~ Iteration [597] error is: [2.1856024265289307]
14:38:44,036 INFO  ~ Iteration [598] error is: [2.1840319633483887]
14:38:44,902 INFO  ~ Iteration [599] error is: [2.182469367980957]
14:38:45,524 INFO  ~ Iteration [600] error is: [2.1809000968933105]
14:38:46,240 INFO  ~ Iteration [601] error is: [2.179333448410034]
14:38:46,666 INFO  ~ Iteration [602] error is: [2.1777734756469727]
14:38:47,163 INFO  ~ Iteration [603] error is: [2.1762170791625977]
14:38:47,626 INFO  ~ Iteration [604] error is: [2.174663543701172]
14:38:48,088 INFO  ~ Iteration [605] error is: [2.1731224060058594]
14:38:48,521 INFO  ~ Iteration [606] error is: [2.1715850830078125]
14:38:48,933 INFO  ~ Iteration [607] error is: [2.1700477600097656]
14:38:49,344 INFO  ~ Iteration [608] error is: [2.1685357093811035]
14:38:49,770 INFO  ~ Iteration [609] error is: [2.167004108428955]
14:38:50,192 INFO  ~ Iteration [610] error is: [2.1654739379882812]
14:38:50,627 INFO  ~ Iteration [611] error is: [2.1639461517333984]
14:38:51,036 INFO  ~ Iteration [612] error is: [2.162431240081787]
14:38:51,449 INFO  ~ Iteration [613] error is: [2.1609129905700684]
14:38:51,935 INFO  ~ Iteration [614] error is: [2.159426212310791]
14:38:52,386 INFO  ~ Iteration [615] error is: [2.15791654586792]
14:38:52,802 INFO  ~ Iteration [616] error is: [2.1564416885375977]
14:38:53,243 INFO  ~ Iteration [617] error is: [2.1549484729766846]
14:38:53,658 INFO  ~ Iteration [618] error is: [2.1534595489501953]
14:38:54,079 INFO  ~ Iteration [619] error is: [2.151995897293091]
14:38:54,638 INFO  ~ Iteration [620] error is: [2.1505205631256104]
14:38:55,120 INFO  ~ Iteration [621] error is: [2.149043560028076]
14:38:55,655 INFO  ~ Iteration [622] error is: [2.1475629806518555]
14:38:56,071 INFO  ~ Iteration [623] error is: [2.1460888385772705]
14:38:56,493 INFO  ~ Iteration [624] error is: [2.1446309089660645]
14:38:56,998 INFO  ~ Iteration [625] error is: [2.1431751251220703]
14:38:57,493 INFO  ~ Iteration [626] error is: [2.1417102813720703]
14:38:57,932 INFO  ~ Iteration [627] error is: [2.1402714252471924]
14:38:58,430 INFO  ~ Iteration [628] error is: [2.1388115882873535]
14:38:58,906 INFO  ~ Iteration [629] error is: [2.1373744010925293]
14:38:59,328 INFO  ~ Iteration [630] error is: [2.1359310150146484]
14:38:59,760 INFO  ~ Iteration [631] error is: [2.1344943046569824]
14:39:00,205 INFO  ~ Iteration [632] error is: [2.1330642700195312]
14:39:00,627 INFO  ~ Iteration [633] error is: [2.1316428184509277]
14:39:01,058 INFO  ~ Iteration [634] error is: [2.130223274230957]
14:39:01,476 INFO  ~ Iteration [635] error is: [2.128786087036133]
14:39:01,899 INFO  ~ Iteration [636] error is: [2.127373695373535]
14:39:02,338 INFO  ~ Iteration [637] error is: [2.125967025756836]
14:39:02,768 INFO  ~ Iteration [638] error is: [2.1245651245117188]
14:39:03,236 INFO  ~ Iteration [639] error is: [2.1231517791748047]
14:39:03,660 INFO  ~ Iteration [640] error is: [2.121737003326416]
14:39:04,240 INFO  ~ Iteration [641] error is: [2.1203365325927734]
14:39:04,687 INFO  ~ Iteration [642] error is: [2.118941068649292]
14:39:05,144 INFO  ~ Iteration [643] error is: [2.117574691772461]
14:39:05,609 INFO  ~ Iteration [644] error is: [2.116183280944824]
14:39:06,025 INFO  ~ Iteration [645] error is: [2.1147992610931396]
14:39:06,442 INFO  ~ Iteration [646] error is: [2.113414764404297]
14:39:06,867 INFO  ~ Iteration [647] error is: [2.112029552459717]
14:39:07,306 INFO  ~ Iteration [648] error is: [2.110652446746826]
14:39:07,736 INFO  ~ Iteration [649] error is: [2.1092803478240967]
14:39:08,178 INFO  ~ Iteration [650] error is: [2.1079154014587402]
14:39:08,608 INFO  ~ Iteration [651] error is: [2.1065561771392822]
14:39:09,161 INFO  ~ Iteration [652] error is: [2.1052181720733643]
14:39:09,627 INFO  ~ Iteration [653] error is: [2.1038477420806885]
14:39:10,064 INFO  ~ Iteration [654] error is: [2.102498769760132]
14:39:10,704 INFO  ~ Iteration [655] error is: [2.1011366844177246]
14:39:11,204 INFO  ~ Iteration [656] error is: [2.0997893810272217]
14:39:11,695 INFO  ~ Iteration [657] error is: [2.098456859588623]
14:39:12,170 INFO  ~ Iteration [658] error is: [2.0971035957336426]
14:39:12,597 INFO  ~ Iteration [659] error is: [2.0957698822021484]
14:39:13,115 INFO  ~ Iteration [660] error is: [2.0944414138793945]
14:39:13,542 INFO  ~ Iteration [661] error is: [2.093120574951172]
14:39:13,953 INFO  ~ Iteration [662] error is: [2.091794729232788]
14:39:14,429 INFO  ~ Iteration [663] error is: [2.09047794342041]
14:39:14,882 INFO  ~ Iteration [664] error is: [2.0891690254211426]
14:39:15,331 INFO  ~ Iteration [665] error is: [2.08784818649292]
14:39:15,762 INFO  ~ Iteration [666] error is: [2.0865373611450195]
14:39:16,206 INFO  ~ Iteration [667] error is: [2.085237503051758]
14:39:16,651 INFO  ~ Iteration [668] error is: [2.0839486122131348]
14:39:17,111 INFO  ~ Iteration [669] error is: [2.082639217376709]
14:39:17,556 INFO  ~ Iteration [670] error is: [2.0813474655151367]
14:39:17,999 INFO  ~ Iteration [671] error is: [2.0800580978393555]
14:39:18,462 INFO  ~ Iteration [672] error is: [2.078763961791992]
14:39:18,978 INFO  ~ Iteration [673] error is: [2.077475070953369]
14:39:19,423 INFO  ~ Iteration [674] error is: [2.076180934906006]
14:39:19,944 INFO  ~ Iteration [675] error is: [2.0749099254608154]
14:39:20,419 INFO  ~ Iteration [676] error is: [2.073631763458252]
14:39:20,903 INFO  ~ Iteration [677] error is: [2.0723512172698975]
14:39:21,364 INFO  ~ Iteration [678] error is: [2.0710997581481934]
14:39:21,816 INFO  ~ Iteration [679] error is: [2.069815158843994]
14:39:22,295 INFO  ~ Iteration [680] error is: [2.068573474884033]
14:39:22,761 INFO  ~ Iteration [681] error is: [2.067305088043213]
14:39:23,172 INFO  ~ Iteration [682] error is: [2.066054344177246]
14:39:23,607 INFO  ~ Iteration [683] error is: [2.064800262451172]
14:39:24,037 INFO  ~ Iteration [684] error is: [2.0635433197021484]
14:39:24,464 INFO  ~ Iteration [685] error is: [2.062295436859131]
14:39:24,922 INFO  ~ Iteration [686] error is: [2.061047077178955]
14:39:25,360 INFO  ~ Iteration [687] error is: [2.059812545776367]
14:39:25,779 INFO  ~ Iteration [688] error is: [2.058586835861206]
14:39:26,253 INFO  ~ Iteration [689] error is: [2.0573513507843018]
14:39:26,684 INFO  ~ Iteration [690] error is: [2.056121826171875]
14:39:27,139 INFO  ~ Iteration [691] error is: [2.0548877716064453]
14:39:27,689 INFO  ~ Iteration [692] error is: [2.0536646842956543]
14:39:28,181 INFO  ~ Iteration [693] error is: [2.052422523498535]
14:39:28,644 INFO  ~ Iteration [694] error is: [2.0511841773986816]
14:39:29,158 INFO  ~ Iteration [695] error is: [2.0499637126922607]
14:39:29,630 INFO  ~ Iteration [696] error is: [2.048737049102783]
14:39:30,088 INFO  ~ Iteration [697] error is: [2.04750919342041]
14:39:30,510 INFO  ~ Iteration [698] error is: [2.0462944507598877]
14:39:30,946 INFO  ~ Iteration [699] error is: [2.0451016426086426]
14:39:31,375 INFO  ~ Iteration [700] error is: [2.0438761711120605]
14:39:31,831 INFO  ~ Iteration [701] error is: [2.0426740646362305]
14:39:32,256 INFO  ~ Iteration [702] error is: [2.041475296020508]
14:39:32,682 INFO  ~ Iteration [703] error is: [2.0402698516845703]
14:39:33,135 INFO  ~ Iteration [704] error is: [2.0390543937683105]
14:39:33,591 INFO  ~ Iteration [705] error is: [2.0378637313842773]
14:39:34,031 INFO  ~ Iteration [706] error is: [2.036682605743408]
14:39:34,471 INFO  ~ Iteration [707] error is: [2.035489559173584]
14:39:34,894 INFO  ~ Iteration [708] error is: [2.0343146324157715]
14:39:35,372 INFO  ~ Iteration [709] error is: [2.0331215858459473]
14:39:35,866 INFO  ~ Iteration [710] error is: [2.0319457054138184]
14:39:36,397 INFO  ~ Iteration [711] error is: [2.0307705402374268]
14:39:36,818 INFO  ~ Iteration [712] error is: [2.0295939445495605]
14:39:37,245 INFO  ~ Iteration [713] error is: [2.028409481048584]
14:39:37,693 INFO  ~ Iteration [714] error is: [2.0272300243377686]
14:39:38,145 INFO  ~ Iteration [715] error is: [2.0260729789733887]
14:39:38,561 INFO  ~ Iteration [716] error is: [2.0249032974243164]
14:39:39,012 INFO  ~ Iteration [717] error is: [2.023723602294922]
14:39:39,465 INFO  ~ Iteration [718] error is: [2.0225634574890137]
14:39:39,959 INFO  ~ Iteration [719] error is: [2.0214123725891113]
14:39:40,422 INFO  ~ Iteration [720] error is: [2.020253896713257]
14:39:40,828 INFO  ~ Iteration [721] error is: [2.0191056728363037]
14:39:41,249 INFO  ~ Iteration [722] error is: [2.0179433822631836]
14:39:41,692 INFO  ~ Iteration [723] error is: [2.016782760620117]
14:39:42,108 INFO  ~ Iteration [724] error is: [2.015631914138794]
14:39:42,561 INFO  ~ Iteration [725] error is: [2.0144801139831543]
14:39:43,060 INFO  ~ Iteration [726] error is: [2.013334274291992]
14:39:43,581 INFO  ~ Iteration [727] error is: [2.012166976928711]
14:39:44,039 INFO  ~ Iteration [728] error is: [2.0110256671905518]
14:39:44,448 INFO  ~ Iteration [729] error is: [2.0098819732666016]
14:39:44,868 INFO  ~ Iteration [730] error is: [2.008737087249756]
14:39:45,359 INFO  ~ Iteration [731] error is: [2.0075831413269043]
14:39:45,922 INFO  ~ Iteration [732] error is: [2.0064589977264404]
14:39:46,365 INFO  ~ Iteration [733] error is: [2.0053229331970215]
14:39:46,856 INFO  ~ Iteration [734] error is: [2.0041744709014893]
14:39:47,429 INFO  ~ Iteration [735] error is: [2.0030317306518555]
14:39:47,865 INFO  ~ Iteration [736] error is: [2.001898765563965]
14:39:48,373 INFO  ~ Iteration [737] error is: [2.00077486038208]
14:39:48,786 INFO  ~ Iteration [738] error is: [1.999657154083252]
14:39:49,222 INFO  ~ Iteration [739] error is: [1.9985301494598389]
14:39:49,700 INFO  ~ Iteration [740] error is: [1.9974095821380615]
14:39:50,125 INFO  ~ Iteration [741] error is: [1.9962942600250244]
14:39:50,685 INFO  ~ Iteration [742] error is: [1.995182991027832]
14:39:51,324 INFO  ~ Iteration [743] error is: [1.9940844774246216]
14:39:51,785 INFO  ~ Iteration [744] error is: [1.9929794073104858]
14:39:52,295 INFO  ~ Iteration [745] error is: [1.9918856620788574]
14:39:52,780 INFO  ~ Iteration [746] error is: [1.9907822608947754]
14:39:53,215 INFO  ~ Iteration [747] error is: [1.9896891117095947]
14:39:53,686 INFO  ~ Iteration [748] error is: [1.9885762929916382]
14:39:54,148 INFO  ~ Iteration [749] error is: [1.9874778985977173]
14:39:54,740 INFO  ~ Iteration [750] error is: [1.9863812923431396]
14:39:55,181 INFO  ~ Iteration [751] error is: [1.9852879047393799]
14:39:55,635 INFO  ~ Iteration [752] error is: [1.9841885566711426]
14:39:56,077 INFO  ~ Iteration [753] error is: [1.983125925064087]
14:39:56,494 INFO  ~ Iteration [754] error is: [1.9820436239242554]
14:39:56,963 INFO  ~ Iteration [755] error is: [1.9809472560882568]
14:39:57,388 INFO  ~ Iteration [756] error is: [1.9798734188079834]
14:39:57,823 INFO  ~ Iteration [757] error is: [1.9788185358047485]
14:39:58,245 INFO  ~ Iteration [758] error is: [1.977737545967102]
14:39:58,659 INFO  ~ Iteration [759] error is: [1.9766820669174194]
14:39:59,163 INFO  ~ Iteration [760] error is: [1.9756183624267578]
14:39:59,763 INFO  ~ Iteration [761] error is: [1.9745641946792603]
14:40:00,225 INFO  ~ Iteration [762] error is: [1.9735045433044434]
14:40:00,641 INFO  ~ Iteration [763] error is: [1.97244131565094]
14:40:01,085 INFO  ~ Iteration [764] error is: [1.9713847637176514]
14:40:01,575 INFO  ~ Iteration [765] error is: [1.970339059829712]
14:40:02,040 INFO  ~ Iteration [766] error is: [1.969285488128662]
14:40:02,512 INFO  ~ Iteration [767] error is: [1.9682672023773193]
14:40:02,937 INFO  ~ Iteration [768] error is: [1.9672200679779053]
14:40:03,346 INFO  ~ Iteration [769] error is: [1.9661741256713867]
14:40:03,806 INFO  ~ Iteration [770] error is: [1.9651386737823486]
14:40:04,262 INFO  ~ Iteration [771] error is: [1.9641088247299194]
14:40:04,706 INFO  ~ Iteration [772] error is: [1.9630804061889648]
14:40:05,166 INFO  ~ Iteration [773] error is: [1.9620537757873535]
14:40:05,578 INFO  ~ Iteration [774] error is: [1.9610309600830078]
14:40:06,020 INFO  ~ Iteration [775] error is: [1.960018277168274]
14:40:06,441 INFO  ~ Iteration [776] error is: [1.9590036869049072]
14:40:06,873 INFO  ~ Iteration [777] error is: [1.9579968452453613]
14:40:07,338 INFO  ~ Iteration [778] error is: [1.9569851160049438]
14:40:07,792 INFO  ~ Iteration [779] error is: [1.95597505569458]
14:40:08,256 INFO  ~ Iteration [780] error is: [1.9549843072891235]
14:40:08,693 INFO  ~ Iteration [781] error is: [1.9539819955825806]
14:40:09,169 INFO  ~ Iteration [782] error is: [1.9529954195022583]
14:40:09,582 INFO  ~ Iteration [783] error is: [1.9519885778427124]
14:40:10,035 INFO  ~ Iteration [784] error is: [1.951008915901184]
14:40:10,457 INFO  ~ Iteration [785] error is: [1.950033187866211]
14:40:10,956 INFO  ~ Iteration [786] error is: [1.9490463733673096]
14:40:11,480 INFO  ~ Iteration [787] error is: [1.9480581283569336]
14:40:12,112 INFO  ~ Iteration [788] error is: [1.9470899105072021]
14:40:12,649 INFO  ~ Iteration [789] error is: [1.9461075067520142]
14:40:13,132 INFO  ~ Iteration [790] error is: [1.9451420307159424]
14:40:13,663 INFO  ~ Iteration [791] error is: [1.94417142868042]
14:40:14,124 INFO  ~ Iteration [792] error is: [1.943203091621399]
14:40:14,585 INFO  ~ Iteration [793] error is: [1.9422332048416138]
14:40:15,021 INFO  ~ Iteration [794] error is: [1.9412691593170166]
14:40:15,476 INFO  ~ Iteration [795] error is: [1.9403064250946045]
14:40:15,905 INFO  ~ Iteration [796] error is: [1.9393657445907593]
14:40:16,347 INFO  ~ Iteration [797] error is: [1.9384121894836426]
14:40:16,794 INFO  ~ Iteration [798] error is: [1.9374604225158691]
14:40:17,274 INFO  ~ Iteration [799] error is: [1.9365156888961792]
14:40:17,717 INFO  ~ Iteration [800] error is: [1.9355672597885132]
14:40:18,159 INFO  ~ Iteration [801] error is: [1.9346122741699219]
14:40:18,587 INFO  ~ Iteration [802] error is: [1.933675765991211]
14:40:19,003 INFO  ~ Iteration [803] error is: [1.932725429534912]
14:40:19,441 INFO  ~ Iteration [804] error is: [1.931792140007019]
14:40:19,861 INFO  ~ Iteration [805] error is: [1.9308491945266724]
14:40:20,305 INFO  ~ Iteration [806] error is: [1.929914116859436]
14:40:20,862 INFO  ~ Iteration [807] error is: [1.9289770126342773]
14:40:21,286 INFO  ~ Iteration [808] error is: [1.9280405044555664]
14:40:21,707 INFO  ~ Iteration [809] error is: [1.9271001815795898]
14:40:22,127 INFO  ~ Iteration [810] error is: [1.9261711835861206]
14:40:22,548 INFO  ~ Iteration [811] error is: [1.9252345561981201]
14:40:22,968 INFO  ~ Iteration [812] error is: [1.9243175983428955]
14:40:23,392 INFO  ~ Iteration [813] error is: [1.923391580581665]
14:40:23,860 INFO  ~ Iteration [814] error is: [1.92245614528656]
14:40:24,395 INFO  ~ Iteration [815] error is: [1.9215316772460938]
14:40:24,849 INFO  ~ Iteration [816] error is: [1.92061448097229]
14:40:25,359 INFO  ~ Iteration [817] error is: [1.919694423675537]
14:40:25,835 INFO  ~ Iteration [818] error is: [1.9187896251678467]
14:40:26,304 INFO  ~ Iteration [819] error is: [1.9178640842437744]
14:40:26,746 INFO  ~ Iteration [820] error is: [1.916960597038269]
14:40:27,201 INFO  ~ Iteration [821] error is: [1.916046380996704]
14:40:27,694 INFO  ~ Iteration [822] error is: [1.9151318073272705]
14:40:28,126 INFO  ~ Iteration [823] error is: [1.9142229557037354]
14:40:28,550 INFO  ~ Iteration [824] error is: [1.9133096933364868]
14:40:28,986 INFO  ~ Iteration [825] error is: [1.9123873710632324]
14:40:29,398 INFO  ~ Iteration [826] error is: [1.9114766120910645]
14:40:29,859 INFO  ~ Iteration [827] error is: [1.9105701446533203]
14:40:30,287 INFO  ~ Iteration [828] error is: [1.9096665382385254]
14:40:30,726 INFO  ~ Iteration [829] error is: [1.9087597131729126]
14:40:31,156 INFO  ~ Iteration [830] error is: [1.9078516960144043]
14:40:31,634 INFO  ~ Iteration [831] error is: [1.9069523811340332]
14:40:32,113 INFO  ~ Iteration [832] error is: [1.9060546159744263]
14:40:32,663 INFO  ~ Iteration [833] error is: [1.9051467180252075]
14:40:33,084 INFO  ~ Iteration [834] error is: [1.9042503833770752]
14:40:33,526 INFO  ~ Iteration [835] error is: [1.903340458869934]
14:40:33,985 INFO  ~ Iteration [836] error is: [1.9024584293365479]
14:40:34,792 INFO  ~ Iteration [837] error is: [1.9015496969223022]
14:40:35,791 INFO  ~ Iteration [838] error is: [1.900650143623352]
14:40:36,756 INFO  ~ Iteration [839] error is: [1.899764060974121]
14:40:37,648 INFO  ~ Iteration [840] error is: [1.898871898651123]
14:40:38,580 INFO  ~ Iteration [841] error is: [1.897999882698059]
14:40:39,468 INFO  ~ Iteration [842] error is: [1.897115707397461]
14:40:40,427 INFO  ~ Iteration [843] error is: [1.896235704421997]
14:40:41,355 INFO  ~ Iteration [844] error is: [1.895344614982605]
14:40:42,303 INFO  ~ Iteration [845] error is: [1.8944644927978516]
14:40:43,247 INFO  ~ Iteration [846] error is: [1.8935872316360474]
14:40:44,202 INFO  ~ Iteration [847] error is: [1.8927197456359863]
14:40:45,060 INFO  ~ Iteration [848] error is: [1.8918471336364746]
14:40:45,897 INFO  ~ Iteration [849] error is: [1.8909895420074463]
14:40:46,785 INFO  ~ Iteration [850] error is: [1.890132188796997]
14:40:47,758 INFO  ~ Iteration [851] error is: [1.8892778158187866]
14:40:48,631 INFO  ~ Iteration [852] error is: [1.8884124755859375]
14:40:49,592 INFO  ~ Iteration [853] error is: [1.8875515460968018]
14:40:50,544 INFO  ~ Iteration [854] error is: [1.8866922855377197]
14:40:51,437 INFO  ~ Iteration [855] error is: [1.8858567476272583]
14:40:52,362 INFO  ~ Iteration [856] error is: [1.88502836227417]
14:40:53,294 INFO  ~ Iteration [857] error is: [1.884178876876831]
14:40:54,248 INFO  ~ Iteration [858] error is: [1.8833439350128174]
14:40:55,117 INFO  ~ Iteration [859] error is: [1.8825082778930664]
14:40:56,046 INFO  ~ Iteration [860] error is: [1.8816776275634766]
14:40:56,986 INFO  ~ Iteration [861] error is: [1.880840539932251]
14:40:57,943 INFO  ~ Iteration [862] error is: [1.8800203800201416]
14:40:58,876 INFO  ~ Iteration [863] error is: [1.8791933059692383]
14:40:59,770 INFO  ~ Iteration [864] error is: [1.8783657550811768]
14:41:00,659 INFO  ~ Iteration [865] error is: [1.877556324005127]
14:41:01,653 INFO  ~ Iteration [866] error is: [1.8767441511154175]
14:41:02,558 INFO  ~ Iteration [867] error is: [1.8759329319000244]
14:41:03,535 INFO  ~ Iteration [868] error is: [1.8751275539398193]
14:41:03,970 INFO  ~ Iteration [869] error is: [1.8743231296539307]
14:41:04,415 INFO  ~ Iteration [870] error is: [1.8735246658325195]
14:41:04,836 INFO  ~ Iteration [871] error is: [1.8727343082427979]
14:41:05,287 INFO  ~ Iteration [872] error is: [1.871940016746521]
14:41:05,736 INFO  ~ Iteration [873] error is: [1.87116539478302]
14:41:06,145 INFO  ~ Iteration [874] error is: [1.8703842163085938]
14:41:06,563 INFO  ~ Iteration [875] error is: [1.8696131706237793]
14:41:06,985 INFO  ~ Iteration [876] error is: [1.8688524961471558]
14:41:07,398 INFO  ~ Iteration [877] error is: [1.8680696487426758]
14:41:07,839 INFO  ~ Iteration [878] error is: [1.867301106452942]
14:41:08,278 INFO  ~ Iteration [879] error is: [1.8665376901626587]
14:41:08,796 INFO  ~ Iteration [880] error is: [1.8657915592193604]
14:41:09,291 INFO  ~ Iteration [881] error is: [1.8650283813476562]
14:41:09,713 INFO  ~ Iteration [882] error is: [1.8642551898956299]
14:41:10,126 INFO  ~ Iteration [883] error is: [1.8634974956512451]
14:41:10,547 INFO  ~ Iteration [884] error is: [1.8627405166625977]
14:41:10,988 INFO  ~ Iteration [885] error is: [1.8619921207427979]
14:41:11,422 INFO  ~ Iteration [886] error is: [1.8612343072891235]
14:41:11,868 INFO  ~ Iteration [887] error is: [1.8604867458343506]
14:41:12,315 INFO  ~ Iteration [888] error is: [1.8597428798675537]
14:41:12,735 INFO  ~ Iteration [889] error is: [1.8590068817138672]
14:41:13,195 INFO  ~ Iteration [890] error is: [1.8582568168640137]
14:41:13,639 INFO  ~ Iteration [891] error is: [1.8575127124786377]
14:41:14,054 INFO  ~ Iteration [892] error is: [1.8567826747894287]
14:41:14,483 INFO  ~ Iteration [893] error is: [1.8560501337051392]
14:41:14,960 INFO  ~ Iteration [894] error is: [1.8553106784820557]
14:41:15,441 INFO  ~ Iteration [895] error is: [1.8545832633972168]
14:41:15,873 INFO  ~ Iteration [896] error is: [1.8538494110107422]
14:41:16,288 INFO  ~ Iteration [897] error is: [1.853135347366333]
14:41:16,744 INFO  ~ Iteration [898] error is: [1.852405309677124]
14:41:17,177 INFO  ~ Iteration [899] error is: [1.8516738414764404]
14:41:17,595 INFO  ~ Iteration [900] error is: [1.8509478569030762]
14:41:18,029 INFO  ~ Iteration [901] error is: [1.8502247333526611]
14:41:18,493 INFO  ~ Iteration [902] error is: [1.8495044708251953]
14:41:18,953 INFO  ~ Iteration [903] error is: [1.848787784576416]
14:41:19,398 INFO  ~ Iteration [904] error is: [1.8480665683746338]
14:41:19,922 INFO  ~ Iteration [905] error is: [1.8473516702651978]
14:41:20,371 INFO  ~ Iteration [906] error is: [1.8466501235961914]
14:41:20,802 INFO  ~ Iteration [907] error is: [1.8459280729293823]
14:41:21,232 INFO  ~ Iteration [908] error is: [1.8452143669128418]
14:41:21,718 INFO  ~ Iteration [909] error is: [1.8445019721984863]
14:41:22,179 INFO  ~ Iteration [910] error is: [1.843786358833313]
14:41:22,989 INFO  ~ Iteration [911] error is: [1.843090534210205]
14:41:23,656 INFO  ~ Iteration [912] error is: [1.8423824310302734]
14:41:24,379 INFO  ~ Iteration [913] error is: [1.841674566268921]
14:41:24,943 INFO  ~ Iteration [914] error is: [1.8409606218338013]
14:41:25,393 INFO  ~ Iteration [915] error is: [1.8402620553970337]
14:41:25,875 INFO  ~ Iteration [916] error is: [1.8395577669143677]
14:41:26,319 INFO  ~ Iteration [917] error is: [1.8388688564300537]
14:41:27,452 INFO  ~ Iteration [918] error is: [1.8381648063659668]
14:41:28,407 INFO  ~ Iteration [919] error is: [1.8374714851379395]
14:41:29,331 INFO  ~ Iteration [920] error is: [1.8367741107940674]
14:41:30,278 INFO  ~ Iteration [921] error is: [1.8360852003097534]
14:41:31,329 INFO  ~ Iteration [922] error is: [1.8353931903839111]
14:41:32,176 INFO  ~ Iteration [923] error is: [1.8347156047821045]
14:41:33,218 INFO  ~ Iteration [924] error is: [1.8340364694595337]
14:41:34,236 INFO  ~ Iteration [925] error is: [1.8333346843719482]
14:41:35,261 INFO  ~ Iteration [926] error is: [1.8326480388641357]
14:41:36,225 INFO  ~ Iteration [927] error is: [1.8319542407989502]
14:41:37,080 INFO  ~ Iteration [928] error is: [1.8312742710113525]
14:41:38,052 INFO  ~ Iteration [929] error is: [1.830580234527588]
14:41:38,896 INFO  ~ Iteration [930] error is: [1.829895257949829]
14:41:39,813 INFO  ~ Iteration [931] error is: [1.8292217254638672]
14:41:40,629 INFO  ~ Iteration [932] error is: [1.8285340070724487]
14:41:41,495 INFO  ~ Iteration [933] error is: [1.827854037284851]
14:41:42,424 INFO  ~ Iteration [934] error is: [1.82716965675354]
14:41:43,361 INFO  ~ Iteration [935] error is: [1.826492190361023]
14:41:44,097 INFO  ~ Iteration [936] error is: [1.8258105516433716]
14:41:44,923 INFO  ~ Iteration [937] error is: [1.8251456022262573]
14:41:45,863 INFO  ~ Iteration [938] error is: [1.8244749307632446]
14:41:46,784 INFO  ~ Iteration [939] error is: [1.8238165378570557]
14:41:47,638 INFO  ~ Iteration [940] error is: [1.8231298923492432]
14:41:48,522 INFO  ~ Iteration [941] error is: [1.822462797164917]
14:41:49,435 INFO  ~ Iteration [942] error is: [1.8217875957489014]
14:41:50,272 INFO  ~ Iteration [943] error is: [1.8211290836334229]
14:41:51,141 INFO  ~ Iteration [944] error is: [1.8204652070999146]
14:41:53,057 INFO  ~ Iteration [946] error is: [1.8191412687301636]
14:41:54,007 INFO  ~ Iteration [947] error is: [1.818471908569336]
14:41:52,170 INFO  ~ Iteration [945] error is: [1.8198027610778809]
14:41:55,003 INFO  ~ Iteration [948] error is: [1.8178131580352783]
14:41:55,905 INFO  ~ Iteration [949] error is: [1.8171530961990356]
14:41:56,875 INFO  ~ Iteration [950] error is: [1.816490888595581]
14:41:57,815 INFO  ~ Iteration [951] error is: [1.8158328533172607]
14:41:58,751 INFO  ~ Iteration [952] error is: [1.8151845932006836]
14:41:59,530 INFO  ~ Iteration [953] error is: [1.8145304918289185]
14:42:00,482 INFO  ~ Iteration [954] error is: [1.813866376876831]
14:42:01,397 INFO  ~ Iteration [955] error is: [1.8132257461547852]
14:42:02,282 INFO  ~ Iteration [956] error is: [1.8125767707824707]
14:42:03,258 INFO  ~ Iteration [957] error is: [1.8119280338287354]
14:42:04,251 INFO  ~ Iteration [958] error is: [1.811278223991394]
14:42:05,219 INFO  ~ Iteration [959] error is: [1.8106303215026855]
14:42:06,093 INFO  ~ Iteration [960] error is: [1.8099828958511353]
14:42:07,067 INFO  ~ Iteration [961] error is: [1.8093295097351074]
14:42:08,007 INFO  ~ Iteration [962] error is: [1.8086817264556885]
14:42:08,952 INFO  ~ Iteration [963] error is: [1.8080453872680664]
14:42:09,903 INFO  ~ Iteration [964] error is: [1.8074026107788086]
14:42:10,985 INFO  ~ Iteration [965] error is: [1.8067553043365479]
14:42:11,846 INFO  ~ Iteration [966] error is: [1.8061249256134033]
14:42:12,714 INFO  ~ Iteration [967] error is: [1.8054866790771484]
14:42:13,326 INFO  ~ Iteration [968] error is: [1.8048542737960815]
14:42:13,796 INFO  ~ Iteration [969] error is: [1.8042030334472656]
14:42:14,288 INFO  ~ Iteration [970] error is: [1.8035683631896973]
14:42:14,742 INFO  ~ Iteration [971] error is: [1.8029382228851318]
14:42:15,201 INFO  ~ Iteration [972] error is: [1.8022981882095337]
14:42:15,636 INFO  ~ Iteration [973] error is: [1.8016679286956787]
14:42:16,160 INFO  ~ Iteration [974] error is: [1.8010399341583252]
14:42:16,624 INFO  ~ Iteration [975] error is: [1.8004133701324463]
14:42:17,047 INFO  ~ Iteration [976] error is: [1.7997748851776123]
14:42:17,468 INFO  ~ Iteration [977] error is: [1.799144983291626]
14:42:17,950 INFO  ~ Iteration [978] error is: [1.7985236644744873]
14:42:18,368 INFO  ~ Iteration [979] error is: [1.7978763580322266]
14:42:18,796 INFO  ~ Iteration [980] error is: [1.7972573041915894]
14:42:19,231 INFO  ~ Iteration [981] error is: [1.796641230583191]
14:42:19,719 INFO  ~ Iteration [982] error is: [1.7960245609283447]
14:42:20,582 INFO  ~ Iteration [983] error is: [1.7953917980194092]
14:42:21,563 INFO  ~ Iteration [984] error is: [1.7947747707366943]
14:42:22,482 INFO  ~ Iteration [985] error is: [1.7941551208496094]
14:42:23,413 INFO  ~ Iteration [986] error is: [1.7935161590576172]
14:42:24,291 INFO  ~ Iteration [987] error is: [1.7928991317749023]
14:42:25,230 INFO  ~ Iteration [988] error is: [1.792283058166504]
14:42:26,155 INFO  ~ Iteration [989] error is: [1.7916653156280518]
14:42:27,089 INFO  ~ Iteration [990] error is: [1.7910528182983398]
14:42:28,046 INFO  ~ Iteration [991] error is: [1.790446400642395]
14:42:28,997 INFO  ~ Iteration [992] error is: [1.7898280620574951]
14:42:29,937 INFO  ~ Iteration [993] error is: [1.7892284393310547]
14:42:30,858 INFO  ~ Iteration [994] error is: [1.7886160612106323]
14:42:31,692 INFO  ~ Iteration [995] error is: [1.7879979610443115]
14:42:32,550 INFO  ~ Iteration [996] error is: [1.7873919010162354]
14:42:33,543 INFO  ~ Iteration [997] error is: [1.786787986755371]
14:42:34,482 INFO  ~ Iteration [998] error is: [1.7861855030059814]
14:42:35,348 INFO  ~ Iteration [999] error is: [1.785588026046753]
14:42:38,723 DEBUG ~ Starting application default Akka system: application
14:42:39,089 INFO  ~ Application started (Prod)
14:42:39,646 INFO  ~ Listening for HTTP on /0:0:0:0:0:0:0:0:9000
14:42:39,649 INFO  ~ DL4J UI Server started at http://localhost:9000
14:42:39,660 INFO  ~ StatsStorage instance attached to UI: InMemoryStatsStorage(uid=0c812e36)

Process finished with exit code -1
